Flow report for g58_lab2
Thu Feb 16 23:29:15 2017
Quartus II 64-Bit Version 13.0.1 Build 232 06/12/2013 Service Pack 1 SJ Web Edition


---------------------
; Table of Contents ;
---------------------
  1. Legal Notice
  2. Flow Summary
  3. Flow Settings
  4. Flow Non-Default Global Settings
  5. Flow Elapsed Time
  6. Flow OS Summary
  7. Flow Log
  8. Flow Messages
  9. Flow Suppressed Messages



----------------
; Legal Notice ;
----------------
Copyright (C) 1991-2013 Altera Corporation
Your use of Altera Corporation's design tools, logic functions 
and other software and tools, and its AMPP partner logic 
functions, and any output files from any of the foregoing 
(including device programming or simulation files), and any 
associated documentation or information are expressly subject 
to the terms and conditions of the Altera Program License 
Subscription Agreement, Altera MegaCore Function License 
Agreement, or other applicable license agreement, including, 
without limitation, that your use is for the sole purpose of 
programming logic devices manufactured by Altera and sold by 
Altera or its authorized distributors.  Please refer to the 
applicable agreement for further details.



+--------------------------------------------------------------------------------------+
; Flow Summary                                                                         ;
+------------------------------------+-------------------------------------------------+
; Flow Status                        ; Successful - Thu Feb 16 23:29:15 2017           ;
; Quartus II 64-Bit Version          ; 13.0.1 Build 232 06/12/2013 SP 1 SJ Web Edition ;
; Revision Name                      ; g58_lab2                                        ;
; Top-level Entity Name              ; g58_lab2                                        ;
; Family                             ; Cyclone II                                      ;
; Device                             ; EP2C20F484C7                                    ;
; Timing Models                      ; Final                                           ;
; Total logic elements               ; 0 / 18,752 ( 0 % )                              ;
;     Total combinational functions  ; 0 / 18,752 ( 0 % )                              ;
;     Dedicated logic registers      ; 0 / 18,752 ( 0 % )                              ;
; Total registers                    ; 0                                               ;
; Total pins                         ; 59 / 315 ( 19 % )                               ;
; Total virtual pins                 ; 0                                               ;
; Total memory bits                  ; 3,328 / 239,616 ( 1 % )                         ;
; Embedded Multiplier 9-bit elements ; 0 / 52 ( 0 % )                                  ;
; Total PLLs                         ; 0 / 4 ( 0 % )                                   ;
+------------------------------------+-------------------------------------------------+


+-----------------------------------------+
; Flow Settings                           ;
+-------------------+---------------------+
; Option            ; Setting             ;
+-------------------+---------------------+
; Start date & time ; 02/16/2017 23:28:18 ;
; Main task         ; Compilation         ;
; Revision Name     ; g58_lab2            ;
+-------------------+---------------------+


+----------------------------------------------------------------------------------------------------------------+
; Flow Non-Default Global Settings                                                                               ;
+-------------------------------------+-------------------------------+---------------+-------------+------------+
; Assignment Name                     ; Value                         ; Default Value ; Entity Name ; Section Id ;
+-------------------------------------+-------------------------------+---------------+-------------+------------+
; COMPILER_SIGNATURE_ID               ; 1096859490829.148730569807376 ; --            ; --          ; --         ;
; MAX_CORE_JUNCTION_TEMP              ; 85                            ; --            ; --          ; --         ;
; MIN_CORE_JUNCTION_TEMP              ; 0                             ; --            ; --          ; --         ;
; PARTITION_COLOR                     ; 16764057                      ; --            ; --          ; Top        ;
; PARTITION_FITTER_PRESERVATION_LEVEL ; PLACEMENT_AND_ROUTING         ; --            ; --          ; Top        ;
; PARTITION_NETLIST_TYPE              ; SOURCE                        ; --            ; --          ; Top        ;
; PROJECT_OUTPUT_DIRECTORY            ; output_files                  ; --            ; --          ; --         ;
+-------------------------------------+-------------------------------+---------------+-------------+------------+


+-------------------------------------------------------------------------------------------------------------------------------+
; Flow Elapsed Time                                                                                                             ;
+---------------------------+--------------+-------------------------+---------------------+------------------------------------+
; Module Name               ; Elapsed Time ; Average Processors Used ; Peak Virtual Memory ; Total CPU Time (on all processors) ;
+---------------------------+--------------+-------------------------+---------------------+------------------------------------+
; Analysis & Synthesis      ; 00:00:04     ; 1.0                     ; 497 MB              ; 00:00:02                           ;
; Fitter                    ; 00:00:07     ; 1.0                     ; 627 MB              ; 00:00:04                           ;
; Assembler                 ; 00:00:02     ; 1.0                     ; 406 MB              ; 00:00:02                           ;
; TimeQuest Timing Analyzer ; 00:00:01     ; 1.0                     ; 390 MB              ; 00:00:01                           ;
; EDA Netlist Writer        ; 00:00:01     ; 1.0                     ; 383 MB              ; 00:00:00                           ;
; Total                     ; 00:00:15     ; --                      ; --                  ; 00:00:09                           ;
+---------------------------+--------------+-------------------------+---------------------+------------------------------------+


+----------------------------------------------------------------------------------------+
; Flow OS Summary                                                                        ;
+---------------------------+------------------+-----------+------------+----------------+
; Module Name               ; Machine Hostname ; OS Name   ; OS Version ; Processor type ;
+---------------------------+------------------+-----------+------------+----------------+
; Analysis & Synthesis      ; bah              ; Windows 7 ; 6.1        ; x86_64         ;
; Fitter                    ; bah              ; Windows 7 ; 6.1        ; x86_64         ;
; Assembler                 ; bah              ; Windows 7 ; 6.1        ; x86_64         ;
; TimeQuest Timing Analyzer ; bah              ; Windows 7 ; 6.1        ; x86_64         ;
; EDA Netlist Writer        ; bah              ; Windows 7 ; 6.1        ; x86_64         ;
+---------------------------+------------------+-----------+------------+----------------+


------------
; Flow Log ;
------------
quartus_map --read_settings_files=on --write_settings_files=off g58_lab2 -c g58_lab2
quartus_fit --read_settings_files=off --write_settings_files=off g58_lab2 -c g58_lab2
quartus_asm --read_settings_files=off --write_settings_files=off g58_lab2 -c g58_lab2
quartus_sta g58_lab2 -c g58_lab2
quartus_eda --read_settings_files=on --write_settings_files=off g58_lab2 -c g58_lab2 --gen_testbench



