Analysis & Synthesis report for g58_lab2
Thu Feb 16 23:28:22 2017
Quartus II 64-Bit Version 13.0.1 Build 232 06/12/2013 Service Pack 1 SJ Web Edition


---------------------
; Table of Contents ;
---------------------
  1. Legal Notice
  2. Analysis & Synthesis Summary
  3. Analysis & Synthesis Settings
  4. Parallel Compilation
  5. Analysis & Synthesis Source Files Read
  6. Analysis & Synthesis Resource Usage Summary
  7. Analysis & Synthesis Resource Utilization by Entity
  8. Analysis & Synthesis RAM Summary
  9. General Register Statistics
 10. Source assignments for g58_pop_enable:inst|LPM_ROM:rom_table|altrom:srom|altsyncram:rom_block|altsyncram_6qv:auto_generated
 11. Parameter Settings for User Entity Instance: g58_pop_enable:inst|LPM_ROM:rom_table
 12. Elapsed Time Per Partition
 13. Analysis & Synthesis Messages



----------------
; Legal Notice ;
----------------
Copyright (C) 1991-2013 Altera Corporation
Your use of Altera Corporation's design tools, logic functions 
and other software and tools, and its AMPP partner logic 
functions, and any output files from any of the foregoing 
(including device programming or simulation files), and any 
associated documentation or information are expressly subject 
to the terms and conditions of the Altera Program License 
Subscription Agreement, Altera MegaCore Function License 
Agreement, or other applicable license agreement, including, 
without limitation, that your use is for the sole purpose of 
programming logic devices manufactured by Altera and sold by 
Altera or its authorized distributors.  Please refer to the 
applicable agreement for further details.



+--------------------------------------------------------------------------------------+
; Analysis & Synthesis Summary                                                         ;
+------------------------------------+-------------------------------------------------+
; Analysis & Synthesis Status        ; Successful - Thu Feb 16 23:28:22 2017           ;
; Quartus II 64-Bit Version          ; 13.0.1 Build 232 06/12/2013 SP 1 SJ Web Edition ;
; Revision Name                      ; g58_lab2                                        ;
; Top-level Entity Name              ; g58_lab2                                        ;
; Family                             ; Cyclone II                                      ;
; Total logic elements               ; 0                                               ;
;     Total combinational functions  ; 0                                               ;
;     Dedicated logic registers      ; 0                                               ;
; Total registers                    ; 0                                               ;
; Total pins                         ; 59                                              ;
; Total virtual pins                 ; 0                                               ;
; Total memory bits                  ; 3,328                                           ;
; Embedded Multiplier 9-bit elements ; 0                                               ;
; Total PLLs                         ; 0                                               ;
+------------------------------------+-------------------------------------------------+


+----------------------------------------------------------------------------------------------------------------------+
; Analysis & Synthesis Settings                                                                                        ;
+----------------------------------------------------------------------------+--------------------+--------------------+
; Option                                                                     ; Setting            ; Default Value      ;
+----------------------------------------------------------------------------+--------------------+--------------------+
; Device                                                                     ; EP2C20F484C7       ;                    ;
; Top-level entity name                                                      ; g58_lab2           ; g58_lab2           ;
; Family name                                                                ; Cyclone II         ; Cyclone IV GX      ;
; Use smart compilation                                                      ; Off                ; Off                ;
; Enable parallel Assembler and TimeQuest Timing Analyzer during compilation ; On                 ; On                 ;
; Enable compact report table                                                ; Off                ; Off                ;
; Restructure Multiplexers                                                   ; Auto               ; Auto               ;
; Create Debugging Nodes for IP Cores                                        ; Off                ; Off                ;
; Preserve fewer node names                                                  ; On                 ; On                 ;
; Disable OpenCore Plus hardware evaluation                                  ; Off                ; Off                ;
; Verilog Version                                                            ; Verilog_2001       ; Verilog_2001       ;
; VHDL Version                                                               ; VHDL_1993          ; VHDL_1993          ;
; State Machine Processing                                                   ; Auto               ; Auto               ;
; Safe State Machine                                                         ; Off                ; Off                ;
; Extract Verilog State Machines                                             ; On                 ; On                 ;
; Extract VHDL State Machines                                                ; On                 ; On                 ;
; Ignore Verilog initial constructs                                          ; Off                ; Off                ;
; Iteration limit for constant Verilog loops                                 ; 5000               ; 5000               ;
; Iteration limit for non-constant Verilog loops                             ; 250                ; 250                ;
; Add Pass-Through Logic to Inferred RAMs                                    ; On                 ; On                 ;
; Infer RAMs from Raw Logic                                                  ; On                 ; On                 ;
; Parallel Synthesis                                                         ; On                 ; On                 ;
; DSP Block Balancing                                                        ; Auto               ; Auto               ;
; NOT Gate Push-Back                                                         ; On                 ; On                 ;
; Power-Up Don't Care                                                        ; On                 ; On                 ;
; Remove Redundant Logic Cells                                               ; Off                ; Off                ;
; Remove Duplicate Registers                                                 ; On                 ; On                 ;
; Ignore CARRY Buffers                                                       ; Off                ; Off                ;
; Ignore CASCADE Buffers                                                     ; Off                ; Off                ;
; Ignore GLOBAL Buffers                                                      ; Off                ; Off                ;
; Ignore ROW GLOBAL Buffers                                                  ; Off                ; Off                ;
; Ignore LCELL Buffers                                                       ; Off                ; Off                ;
; Ignore SOFT Buffers                                                        ; On                 ; On                 ;
; Limit AHDL Integers to 32 Bits                                             ; Off                ; Off                ;
; Optimization Technique                                                     ; Balanced           ; Balanced           ;
; Carry Chain Length                                                         ; 70                 ; 70                 ;
; Auto Carry Chains                                                          ; On                 ; On                 ;
; Auto Open-Drain Pins                                                       ; On                 ; On                 ;
; Perform WYSIWYG Primitive Resynthesis                                      ; Off                ; Off                ;
; Auto ROM Replacement                                                       ; On                 ; On                 ;
; Auto RAM Replacement                                                       ; On                 ; On                 ;
; Auto Shift Register Replacement                                            ; Auto               ; Auto               ;
; Allow Shift Register Merging across Hierarchies                            ; Auto               ; Auto               ;
; Auto Clock Enable Replacement                                              ; On                 ; On                 ;
; Strict RAM Replacement                                                     ; Off                ; Off                ;
; Allow Synchronous Control Signals                                          ; On                 ; On                 ;
; Force Use of Synchronous Clear Signals                                     ; Off                ; Off                ;
; Auto RAM to Logic Cell Conversion                                          ; Off                ; Off                ;
; Auto Resource Sharing                                                      ; Off                ; Off                ;
; Allow Any RAM Size For Recognition                                         ; Off                ; Off                ;
; Allow Any ROM Size For Recognition                                         ; Off                ; Off                ;
; Allow Any Shift Register Size For Recognition                              ; Off                ; Off                ;
; Use LogicLock Constraints during Resource Balancing                        ; On                 ; On                 ;
; Ignore translate_off and synthesis_off directives                          ; Off                ; Off                ;
; Timing-Driven Synthesis                                                    ; Off                ; Off                ;
; Report Parameter Settings                                                  ; On                 ; On                 ;
; Report Source Assignments                                                  ; On                 ; On                 ;
; Report Connectivity Checks                                                 ; On                 ; On                 ;
; Ignore Maximum Fan-Out Assignments                                         ; Off                ; Off                ;
; Synchronization Register Chain Length                                      ; 2                  ; 2                  ;
; PowerPlay Power Optimization                                               ; Normal compilation ; Normal compilation ;
; HDL message level                                                          ; Level2             ; Level2             ;
; Suppress Register Optimization Related Messages                            ; Off                ; Off                ;
; Number of Removed Registers Reported in Synthesis Report                   ; 5000               ; 5000               ;
; Number of Swept Nodes Reported in Synthesis Report                         ; 5000               ; 5000               ;
; Number of Inverted Registers Reported in Synthesis Report                  ; 100                ; 100                ;
; Clock MUX Protection                                                       ; On                 ; On                 ;
; Auto Gated Clock Conversion                                                ; Off                ; Off                ;
; Block Design Naming                                                        ; Auto               ; Auto               ;
; SDC constraint protection                                                  ; Off                ; Off                ;
; Synthesis Effort                                                           ; Auto               ; Auto               ;
; Shift Register Replacement - Allow Asynchronous Clear Signal               ; On                 ; On                 ;
; Pre-Mapping Resynthesis Optimization                                       ; Off                ; Off                ;
; Analysis & Synthesis Message Level                                         ; Medium             ; Medium             ;
; Disable Register Merging Across Hierarchies                                ; Auto               ; Auto               ;
; Resource Aware Inference For Block RAM                                     ; On                 ; On                 ;
; Synthesis Seed                                                             ; 1                  ; 1                  ;
+----------------------------------------------------------------------------+--------------------+--------------------+


Parallel compilation was disabled, but you have multiple processors available. Enable parallel compilation to reduce compilation time.
+-------------------------------------+
; Parallel Compilation                ;
+----------------------------+--------+
; Processors                 ; Number ;
+----------------------------+--------+
; Number detected on machine ; 6      ;
; Maximum allowed            ; 1      ;
+----------------------------+--------+


+----------------------------------------------------------------------------------------------------------------------------------------------------------------------+
; Analysis & Synthesis Source Files Read                                                                                                                               ;
+----------------------------------+-----------------+------------------------------------+------------------------------------------------------------------+---------+
; File Name with User-Entered Path ; Used in Netlist ; File Type                          ; File Name with Absolute Path                                     ; Library ;
+----------------------------------+-----------------+------------------------------------+------------------------------------------------------------------+---------+
; rom.mif                          ; yes             ; User Memory Initialization File    ; C:/Users/Lixuan/Desktop/dsdlab2/rom.mif                          ;         ;
; g58_pop_enable.vhd               ; yes             ; User VHDL File                     ; C:/Users/Lixuan/Desktop/dsdlab2/g58_pop_enable.vhd               ;         ;
; g58_lab2.bdf                     ; yes             ; User Block Diagram/Schematic File  ; C:/Users/Lixuan/Desktop/dsdlab2/g58_lab2.bdf                     ;         ;
; lpm_rom.tdf                      ; yes             ; Megafunction                       ; y:/quartus/quartus/libraries/megafunctions/lpm_rom.tdf           ;         ;
; altrom.inc                       ; yes             ; Megafunction                       ; y:/quartus/quartus/libraries/megafunctions/altrom.inc            ;         ;
; aglobal130.inc                   ; yes             ; Megafunction                       ; y:/quartus/quartus/libraries/megafunctions/aglobal130.inc        ;         ;
; altrom.tdf                       ; yes             ; Megafunction                       ; y:/quartus/quartus/libraries/megafunctions/altrom.tdf            ;         ;
; memmodes.inc                     ; yes             ; Megafunction                       ; y:/quartus/quartus/libraries/others/maxplus2/memmodes.inc        ;         ;
; lpm_decode.inc                   ; yes             ; Megafunction                       ; y:/quartus/quartus/libraries/megafunctions/lpm_decode.inc        ;         ;
; lpm_mux.inc                      ; yes             ; Megafunction                       ; y:/quartus/quartus/libraries/megafunctions/lpm_mux.inc           ;         ;
; altsyncram.inc                   ; yes             ; Megafunction                       ; y:/quartus/quartus/libraries/megafunctions/altsyncram.inc        ;         ;
; altsyncram.tdf                   ; yes             ; Megafunction                       ; y:/quartus/quartus/libraries/megafunctions/altsyncram.tdf        ;         ;
; stratix_ram_block.inc            ; yes             ; Megafunction                       ; y:/quartus/quartus/libraries/megafunctions/stratix_ram_block.inc ;         ;
; a_rdenreg.inc                    ; yes             ; Megafunction                       ; y:/quartus/quartus/libraries/megafunctions/a_rdenreg.inc         ;         ;
; altram.inc                       ; yes             ; Megafunction                       ; y:/quartus/quartus/libraries/megafunctions/altram.inc            ;         ;
; altdpram.inc                     ; yes             ; Megafunction                       ; y:/quartus/quartus/libraries/megafunctions/altdpram.inc          ;         ;
; db/altsyncram_6qv.tdf            ; yes             ; Auto-Generated Megafunction        ; C:/Users/Lixuan/Desktop/dsdlab2/db/altsyncram_6qv.tdf            ;         ;
+----------------------------------+-----------------+------------------------------------+------------------------------------------------------------------+---------+


+-----------------------------------------------------+
; Analysis & Synthesis Resource Usage Summary         ;
+---------------------------------------------+-------+
; Resource                                    ; Usage ;
+---------------------------------------------+-------+
;                                             ;       ;
; Total combinational functions               ; 0     ;
; Logic element usage by number of LUT inputs ;       ;
;     -- 4 input functions                    ; 0     ;
;     -- 3 input functions                    ; 0     ;
;     -- <=2 input functions                  ; 0     ;
;                                             ;       ;
; Logic elements by mode                      ;       ;
;     -- normal mode                          ; 0     ;
;     -- arithmetic mode                      ; 0     ;
;                                             ;       ;
; Total registers                             ; 0     ;
;     -- Dedicated logic registers            ; 0     ;
;     -- I/O registers                        ; 0     ;
;                                             ;       ;
; I/O pins                                    ; 59    ;
; Total memory bits                           ; 3328  ;
; Embedded Multiplier 9-bit elements          ; 0     ;
; Maximum fan-out node                        ; CLK   ;
; Maximum fan-out                             ; 52    ;
; Total fan-out                               ; 416   ;
; Average fan-out                             ; 3.75  ;
+---------------------------------------------+-------+


+--------------------------------------------------------------------------------------------------------------------------------------------------------------------------------------------------------------------------------------------------------------------------------------------+
; Analysis & Synthesis Resource Utilization by Entity                                                                                                                                                                                                                                        ;
+------------------------------------------------+-------------------+--------------+-------------+--------------+---------+-----------+------+--------------+----------------------------------------------------------------------------------------------------------------+--------------+
; Compilation Hierarchy Node                     ; LC Combinationals ; LC Registers ; Memory Bits ; DSP Elements ; DSP 9x9 ; DSP 18x18 ; Pins ; Virtual Pins ; Full Hierarchy Name                                                                                            ; Library Name ;
+------------------------------------------------+-------------------+--------------+-------------+--------------+---------+-----------+------+--------------+----------------------------------------------------------------------------------------------------------------+--------------+
; |g58_lab2                                      ; 0 (0)             ; 0 (0)        ; 3328        ; 0            ; 0       ; 0         ; 59   ; 0            ; |g58_lab2                                                                                                      ; work         ;
;    |g58_pop_enable:inst|                       ; 0 (0)             ; 0 (0)        ; 3328        ; 0            ; 0       ; 0         ; 0    ; 0            ; |g58_lab2|g58_pop_enable:inst                                                                                  ; work         ;
;       |lpm_rom:rom_table|                      ; 0 (0)             ; 0 (0)        ; 3328        ; 0            ; 0       ; 0         ; 0    ; 0            ; |g58_lab2|g58_pop_enable:inst|lpm_rom:rom_table                                                                ; work         ;
;          |altrom:srom|                         ; 0 (0)             ; 0 (0)        ; 3328        ; 0            ; 0       ; 0         ; 0    ; 0            ; |g58_lab2|g58_pop_enable:inst|lpm_rom:rom_table|altrom:srom                                                    ; work         ;
;             |altsyncram:rom_block|             ; 0 (0)             ; 0 (0)        ; 3328        ; 0            ; 0       ; 0         ; 0    ; 0            ; |g58_lab2|g58_pop_enable:inst|lpm_rom:rom_table|altrom:srom|altsyncram:rom_block                               ; work         ;
;                |altsyncram_6qv:auto_generated| ; 0 (0)             ; 0 (0)        ; 3328        ; 0            ; 0       ; 0         ; 0    ; 0            ; |g58_lab2|g58_pop_enable:inst|lpm_rom:rom_table|altrom:srom|altsyncram:rom_block|altsyncram_6qv:auto_generated ; work         ;
+------------------------------------------------+-------------------+--------------+-------------+--------------+---------+-----------+------+--------------+----------------------------------------------------------------------------------------------------------------+--------------+
Note: For table entries with two numbers listed, the numbers in parentheses indicate the number of resources of the given type used by the specific entity alone. The numbers listed outside of parentheses indicate the total resources of the given type used by the specific entity and all of its sub-entities in the hierarchy.


+------------------------------------------------------------------------------------------------------------------------------------------------------------------------------------------------------------+
; Analysis & Synthesis RAM Summary                                                                                                                                                                           ;
+-----------------------------------------------------------------------------------------------------------------+------+------+--------------+--------------+--------------+--------------+------+---------+
; Name                                                                                                            ; Type ; Mode ; Port A Depth ; Port A Width ; Port B Depth ; Port B Width ; Size ; MIF     ;
+-----------------------------------------------------------------------------------------------------------------+------+------+--------------+--------------+--------------+--------------+------+---------+
; g58_pop_enable:inst|lpm_rom:rom_table|altrom:srom|altsyncram:rom_block|altsyncram_6qv:auto_generated|ALTSYNCRAM ; AUTO ; ROM  ; 64           ; 52           ; --           ; --           ; 3328 ; rom.mif ;
+-----------------------------------------------------------------------------------------------------------------+------+------+--------------+--------------+--------------+--------------+------+---------+


+------------------------------------------------------+
; General Register Statistics                          ;
+----------------------------------------------+-------+
; Statistic                                    ; Value ;
+----------------------------------------------+-------+
; Total registers                              ; 0     ;
; Number of registers using Synchronous Clear  ; 0     ;
; Number of registers using Synchronous Load   ; 0     ;
; Number of registers using Asynchronous Clear ; 0     ;
; Number of registers using Asynchronous Load  ; 0     ;
; Number of registers using Clock Enable       ; 0     ;
; Number of registers using Preset             ; 0     ;
+----------------------------------------------+-------+


+-----------------------------------------------------------------------------------------------------------------------------+
; Source assignments for g58_pop_enable:inst|LPM_ROM:rom_table|altrom:srom|altsyncram:rom_block|altsyncram_6qv:auto_generated ;
+---------------------------------+--------------------+------+---------------------------------------------------------------+
; Assignment                      ; Value              ; From ; To                                                            ;
+---------------------------------+--------------------+------+---------------------------------------------------------------+
; OPTIMIZE_POWER_DURING_SYNTHESIS ; NORMAL_COMPILATION ; -    ; -                                                             ;
+---------------------------------+--------------------+------+---------------------------------------------------------------+


+------------------------------------------------------------------------------------+
; Parameter Settings for User Entity Instance: g58_pop_enable:inst|LPM_ROM:rom_table ;
+------------------------+--------------+--------------------------------------------+
; Parameter Name         ; Value        ; Type                                       ;
+------------------------+--------------+--------------------------------------------+
; LPM_WIDTH              ; 52           ; Signed Integer                             ;
; LPM_WIDTHAD            ; 6            ; Signed Integer                             ;
; LPM_NUMWORDS           ; 64           ; Signed Integer                             ;
; LPM_ADDRESS_CONTROL    ; REGISTERED   ; Untyped                                    ;
; LPM_OUTDATA            ; UNREGISTERED ; Untyped                                    ;
; LPM_FILE               ; rom.mif      ; Untyped                                    ;
; DEVICE_FAMILY          ; Cyclone II   ; Untyped                                    ;
; AUTO_CARRY_CHAINS      ; ON           ; AUTO_CARRY                                 ;
; IGNORE_CARRY_BUFFERS   ; OFF          ; IGNORE_CARRY                               ;
; AUTO_CASCADE_CHAINS    ; ON           ; AUTO_CASCADE                               ;
; IGNORE_CASCADE_BUFFERS ; OFF          ; IGNORE_CASCADE                             ;
+------------------------+--------------+--------------------------------------------+
Note: In order to hide this table in the UI and the text report file, please set the "Show Parameter Settings in Synthesis Report" option in "Analysis and Synthesis Settings -> More Settings" to "Off".


+-------------------------------+
; Elapsed Time Per Partition    ;
+----------------+--------------+
; Partition Name ; Elapsed Time ;
+----------------+--------------+
; Top            ; 00:00:00     ;
+----------------+--------------+


+-------------------------------+
; Analysis & Synthesis Messages ;
+-------------------------------+
Info: *******************************************************************
Info: Running Quartus II 64-Bit Analysis & Synthesis
    Info: Version 13.0.1 Build 232 06/12/2013 Service Pack 1 SJ Web Edition
    Info: Processing started: Thu Feb 16 23:28:17 2017
Info: Command: quartus_map --read_settings_files=on --write_settings_files=off g58_lab2 -c g58_lab2
Warning (20028): Parallel compilation is not licensed and has been disabled
Info (12021): Found 2 design units, including 1 entities, in source file g58_randu.vhd
    Info (12022): Found design unit 1: g58_randu-g58_randu_arch
    Info (12023): Found entity 1: g58_randu
Info (12021): Found 2 design units, including 1 entities, in source file g58_modulo.vhd
    Info (12022): Found design unit 1: g58_modulo-g58_modulo_arch
    Info (12023): Found entity 1: g58_modulo
Info (12021): Found 2 design units, including 1 entities, in source file g58_pop_enable.vhd
    Info (12022): Found design unit 1: g58_pop_enable-g58_pop_enable_arch
    Info (12023): Found entity 1: g58_pop_enable
Info (12021): Found 1 design units, including 1 entities, in source file g58_lab2.bdf
    Info (12023): Found entity 1: g58_lab2
Info (12127): Elaborating entity "g58_lab2" for the top level hierarchy
Info (12128): Elaborating entity "g58_pop_enable" for hierarchy "g58_pop_enable:inst"
Info (12128): Elaborating entity "LPM_ROM" for hierarchy "g58_pop_enable:inst|LPM_ROM:rom_table"
Info (12130): Elaborated megafunction instantiation "g58_pop_enable:inst|LPM_ROM:rom_table"
Info (12133): Instantiated megafunction "g58_pop_enable:inst|LPM_ROM:rom_table" with the following parameter:
    Info (12134): Parameter "LPM_WIDTH" = "52"
    Info (12134): Parameter "LPM_WIDTHAD" = "6"
    Info (12134): Parameter "LPM_NUMWORDS" = "64"
    Info (12134): Parameter "LPM_ADDRESS_CONTROL" = "REGISTERED"
    Info (12134): Parameter "LPM_OUTDATA" = "UNREGISTERED"
    Info (12134): Parameter "LPM_FILE" = "rom.mif"
    Info (12134): Parameter "LPM_TYPE" = "LPM_ROM"
    Info (12134): Parameter "INTENDED_DEVICE_FAMILY" = "UNUSED"
    Info (12134): Parameter "LPM_HINT" = "UNUSED"
Info (12128): Elaborating entity "altrom" for hierarchy "g58_pop_enable:inst|LPM_ROM:rom_table|altrom:srom"
Info (12131): Elaborated megafunction instantiation "g58_pop_enable:inst|LPM_ROM:rom_table|altrom:srom", which is child of megafunction instantiation "g58_pop_enable:inst|LPM_ROM:rom_table"
Info (12128): Elaborating entity "altsyncram" for hierarchy "g58_pop_enable:inst|LPM_ROM:rom_table|altrom:srom|altsyncram:rom_block"
Info (12131): Elaborated megafunction instantiation "g58_pop_enable:inst|LPM_ROM:rom_table|altrom:srom|altsyncram:rom_block", which is child of megafunction instantiation "g58_pop_enable:inst|LPM_ROM:rom_table"
Info (12021): Found 1 design units, including 1 entities, in source file db/altsyncram_6qv.tdf
    Info (12023): Found entity 1: altsyncram_6qv
Info (12128): Elaborating entity "altsyncram_6qv" for hierarchy "g58_pop_enable:inst|LPM_ROM:rom_table|altrom:srom|altsyncram:rom_block|altsyncram_6qv:auto_generated"
Warning (13044): Always-enabled tri-state buffer(s) removed
    Warning (13045): Converted the fanout from the always-enabled tri-state buffer "g58_pop_enable:inst|lpm_rom:rom_table|otri[51]" to the node "P_EN[51]" into a wire
    Warning (13045): Converted the fanout from the always-enabled tri-state buffer "g58_pop_enable:inst|lpm_rom:rom_table|otri[50]" to the node "P_EN[50]" into a wire
    Warning (13045): Converted the fanout from the always-enabled tri-state buffer "g58_pop_enable:inst|lpm_rom:rom_table|otri[49]" to the node "P_EN[49]" into a wire
    Warning (13045): Converted the fanout from the always-enabled tri-state buffer "g58_pop_enable:inst|lpm_rom:rom_table|otri[48]" to the node "P_EN[48]" into a wire
    Warning (13045): Converted the fanout from the always-enabled tri-state buffer "g58_pop_enable:inst|lpm_rom:rom_table|otri[47]" to the node "P_EN[47]" into a wire
    Warning (13045): Converted the fanout from the always-enabled tri-state buffer "g58_pop_enable:inst|lpm_rom:rom_table|otri[46]" to the node "P_EN[46]" into a wire
    Warning (13045): Converted the fanout from the always-enabled tri-state buffer "g58_pop_enable:inst|lpm_rom:rom_table|otri[45]" to the node "P_EN[45]" into a wire
    Warning (13045): Converted the fanout from the always-enabled tri-state buffer "g58_pop_enable:inst|lpm_rom:rom_table|otri[44]" to the node "P_EN[44]" into a wire
    Warning (13045): Converted the fanout from the always-enabled tri-state buffer "g58_pop_enable:inst|lpm_rom:rom_table|otri[43]" to the node "P_EN[43]" into a wire
    Warning (13045): Converted the fanout from the always-enabled tri-state buffer "g58_pop_enable:inst|lpm_rom:rom_table|otri[42]" to the node "P_EN[42]" into a wire
    Warning (13045): Converted the fanout from the always-enabled tri-state buffer "g58_pop_enable:inst|lpm_rom:rom_table|otri[41]" to the node "P_EN[41]" into a wire
    Warning (13045): Converted the fanout from the always-enabled tri-state buffer "g58_pop_enable:inst|lpm_rom:rom_table|otri[40]" to the node "P_EN[40]" into a wire
    Warning (13045): Converted the fanout from the always-enabled tri-state buffer "g58_pop_enable:inst|lpm_rom:rom_table|otri[39]" to the node "P_EN[39]" into a wire
    Warning (13045): Converted the fanout from the always-enabled tri-state buffer "g58_pop_enable:inst|lpm_rom:rom_table|otri[38]" to the node "P_EN[38]" into a wire
    Warning (13045): Converted the fanout from the always-enabled tri-state buffer "g58_pop_enable:inst|lpm_rom:rom_table|otri[37]" to the node "P_EN[37]" into a wire
    Warning (13045): Converted the fanout from the always-enabled tri-state buffer "g58_pop_enable:inst|lpm_rom:rom_table|otri[36]" to the node "P_EN[36]" into a wire
    Warning (13045): Converted the fanout from the always-enabled tri-state buffer "g58_pop_enable:inst|lpm_rom:rom_table|otri[35]" to the node "P_EN[35]" into a wire
    Warning (13045): Converted the fanout from the always-enabled tri-state buffer "g58_pop_enable:inst|lpm_rom:rom_table|otri[34]" to the node "P_EN[34]" into a wire
    Warning (13045): Converted the fanout from the always-enabled tri-state buffer "g58_pop_enable:inst|lpm_rom:rom_table|otri[33]" to the node "P_EN[33]" into a wire
    Warning (13045): Converted the fanout from the always-enabled tri-state buffer "g58_pop_enable:inst|lpm_rom:rom_table|otri[32]" to the node "P_EN[32]" into a wire
    Warning (13045): Converted the fanout from the always-enabled tri-state buffer "g58_pop_enable:inst|lpm_rom:rom_table|otri[31]" to the node "P_EN[31]" into a wire
    Warning (13045): Converted the fanout from the always-enabled tri-state buffer "g58_pop_enable:inst|lpm_rom:rom_table|otri[30]" to the node "P_EN[30]" into a wire
    Warning (13045): Converted the fanout from the always-enabled tri-state buffer "g58_pop_enable:inst|lpm_rom:rom_table|otri[29]" to the node "P_EN[29]" into a wire
    Warning (13045): Converted the fanout from the always-enabled tri-state buffer "g58_pop_enable:inst|lpm_rom:rom_table|otri[28]" to the node "P_EN[28]" into a wire
    Warning (13045): Converted the fanout from the always-enabled tri-state buffer "g58_pop_enable:inst|lpm_rom:rom_table|otri[27]" to the node "P_EN[27]" into a wire
    Warning (13045): Converted the fanout from the always-enabled tri-state buffer "g58_pop_enable:inst|lpm_rom:rom_table|otri[26]" to the node "P_EN[26]" into a wire
    Warning (13045): Converted the fanout from the always-enabled tri-state buffer "g58_pop_enable:inst|lpm_rom:rom_table|otri[25]" to the node "P_EN[25]" into a wire
    Warning (13045): Converted the fanout from the always-enabled tri-state buffer "g58_pop_enable:inst|lpm_rom:rom_table|otri[24]" to the node "P_EN[24]" into a wire
    Warning (13045): Converted the fanout from the always-enabled tri-state buffer "g58_pop_enable:inst|lpm_rom:rom_table|otri[23]" to the node "P_EN[23]" into a wire
    Warning (13045): Converted the fanout from the always-enabled tri-state buffer "g58_pop_enable:inst|lpm_rom:rom_table|otri[22]" to the node "P_EN[22]" into a wire
    Warning (13045): Converted the fanout from the always-enabled tri-state buffer "g58_pop_enable:inst|lpm_rom:rom_table|otri[21]" to the node "P_EN[21]" into a wire
    Warning (13045): Converted the fanout from the always-enabled tri-state buffer "g58_pop_enable:inst|lpm_rom:rom_table|otri[20]" to the node "P_EN[20]" into a wire
    Warning (13045): Converted the fanout from the always-enabled tri-state buffer "g58_pop_enable:inst|lpm_rom:rom_table|otri[19]" to the node "P_EN[19]" into a wire
    Warning (13045): Converted the fanout from the always-enabled tri-state buffer "g58_pop_enable:inst|lpm_rom:rom_table|otri[18]" to the node "P_EN[18]" into a wire
    Warning (13045): Converted the fanout from the always-enabled tri-state buffer "g58_pop_enable:inst|lpm_rom:rom_table|otri[17]" to the node "P_EN[17]" into a wire
    Warning (13045): Converted the fanout from the always-enabled tri-state buffer "g58_pop_enable:inst|lpm_rom:rom_table|otri[16]" to the node "P_EN[16]" into a wire
    Warning (13045): Converted the fanout from the always-enabled tri-state buffer "g58_pop_enable:inst|lpm_rom:rom_table|otri[15]" to the node "P_EN[15]" into a wire
    Warning (13045): Converted the fanout from the always-enabled tri-state buffer "g58_pop_enable:inst|lpm_rom:rom_table|otri[14]" to the node "P_EN[14]" into a wire
    Warning (13045): Converted the fanout from the always-enabled tri-state buffer "g58_pop_enable:inst|lpm_rom:rom_table|otri[13]" to the node "P_EN[13]" into a wire
    Warning (13045): Converted the fanout from the always-enabled tri-state buffer "g58_pop_enable:inst|lpm_rom:rom_table|otri[12]" to the node "P_EN[12]" into a wire
    Warning (13045): Converted the fanout from the always-enabled tri-state buffer "g58_pop_enable:inst|lpm_rom:rom_table|otri[11]" to the node "P_EN[11]" into a wire
    Warning (13045): Converted the fanout from the always-enabled tri-state buffer "g58_pop_enable:inst|lpm_rom:rom_table|otri[10]" to the node "P_EN[10]" into a wire
    Warning (13045): Converted the fanout from the always-enabled tri-state buffer "g58_pop_enable:inst|lpm_rom:rom_table|otri[9]" to the node "P_EN[9]" into a wire
    Warning (13045): Converted the fanout from the always-enabled tri-state buffer "g58_pop_enable:inst|lpm_rom:rom_table|otri[8]" to the node "P_EN[8]" into a wire
    Warning (13045): Converted the fanout from the always-enabled tri-state buffer "g58_pop_enable:inst|lpm_rom:rom_table|otri[7]" to the node "P_EN[7]" into a wire
    Warning (13045): Converted the fanout from the always-enabled tri-state buffer "g58_pop_enable:inst|lpm_rom:rom_table|otri[6]" to the node "P_EN[6]" into a wire
    Warning (13045): Converted the fanout from the always-enabled tri-state buffer "g58_pop_enable:inst|lpm_rom:rom_table|otri[5]" to the node "P_EN[5]" into a wire
    Warning (13045): Converted the fanout from the always-enabled tri-state buffer "g58_pop_enable:inst|lpm_rom:rom_table|otri[4]" to the node "P_EN[4]" into a wire
    Warning (13045): Converted the fanout from the always-enabled tri-state buffer "g58_pop_enable:inst|lpm_rom:rom_table|otri[3]" to the node "P_EN[3]" into a wire
    Warning (13045): Converted the fanout from the always-enabled tri-state buffer "g58_pop_enable:inst|lpm_rom:rom_table|otri[2]" to the node "P_EN[2]" into a wire
    Warning (13045): Converted the fanout from the always-enabled tri-state buffer "g58_pop_enable:inst|lpm_rom:rom_table|otri[1]" to the node "P_EN[1]" into a wire
    Warning (13045): Converted the fanout from the always-enabled tri-state buffer "g58_pop_enable:inst|lpm_rom:rom_table|otri[0]" to the node "P_EN[0]" into a wire
Info (16010): Generating hard_block partition "hard_block:auto_generated_inst"
    Info (16011): Adding 0 node(s), including 0 DDIO, 0 PLL, 0 transceiver and 0 LCELL
Info (21057): Implemented 111 device resources after synthesis - the final resource count might be different
    Info (21058): Implemented 7 input pins
    Info (21059): Implemented 52 output pins
    Info (21064): Implemented 52 RAM segments
Info: Quartus II 64-Bit Analysis & Synthesis was successful. 0 errors, 54 warnings
    Info: Peak virtual memory: 497 megabytes
    Info: Processing ended: Thu Feb 16 23:28:22 2017
    Info: Elapsed time: 00:00:05
    Info: Total CPU time (on all processors): 00:00:02


